
adc.elf:     file format elf32-littlearm
adc.elf
architecture: armv7, flags 0x00000112:
EXEC_P, HAS_SYMS, D_PAGED
start address 0x080002d1

Program Header:
    LOAD off    0x00010000 vaddr 0x08000000 paddr 0x08000000 align 2**16
         filesz 0x000003ec memsz 0x000003ec flags r-x
    LOAD off    0x00020000 vaddr 0x20000000 paddr 0x080003ec align 2**16
         filesz 0x00000000 memsz 0x00000000 flags rw-
private flags = 0x5000200: [Version5 EABI] [soft-float ABI]

Sections:
Idx Name          Size      VMA       LMA       File off  Algn
  0 .text         000003ec  08000000  08000000  00010000  2**2
                  CONTENTS, ALLOC, LOAD, READONLY, CODE
  1 .data         00000000  20000000  080003ec  00020000  2**0
                  CONTENTS, ALLOC, LOAD, DATA
  2 .bss          00000000  20000000  080003ec  00020000  2**0
                  ALLOC
  3 .comment      0000001e  00000000  00000000  00020000  2**0
                  CONTENTS, READONLY
  4 .ARM.attributes 0000002d  00000000  00000000  0002001e  2**0
                  CONTENTS, READONLY
SYMBOL TABLE:
08000000 l    d  .text	00000000 .text
20000000 l    d  .data	00000000 .data
20000000 l    d  .bss	00000000 .bss
00000000 l    d  .comment	00000000 .comment
00000000 l    d  .ARM.attributes	00000000 .ARM.attributes
00000000 l    df *ABS*	00000000 adc.c
08000000 g     O .text	00000150 vector_table
080002b4 g     F .text	0000001c adc1_handler
08000180 g     F .text	00000034 disable_interrupt
080001ec g     F .text	000000c8 set_system_clock_to_72Mhz
080002d0 g     F .text	0000011c main
080001b4 g     F .text	00000038 set_system_clock_to_25Mhz
08000150 g     F .text	00000030 enable_interrupt



Disassembly of section .text:

08000000 <vector_table>:
 8000000:	00 80 00 20 d1 02 00 08 00 00 00 00 00 00 00 00     ... ............
	...
 8000088:	b5 02 00 08 00 00 00 00 00 00 00 00 00 00 00 00     ................
	...

08000150 <enable_interrupt>:
 8000150:	b480      	push	{r7}
 8000152:	b083      	sub	sp, #12
 8000154:	af00      	add	r7, sp, #0
 8000156:	4603      	mov	r3, r0
 8000158:	71fb      	strb	r3, [r7, #7]
 800015a:	79fb      	ldrb	r3, [r7, #7]
 800015c:	f003 031f 	and.w	r3, r3, #31
 8000160:	2201      	movs	r2, #1
 8000162:	fa02 f103 	lsl.w	r1, r2, r3
 8000166:	4a05      	ldr	r2, [pc, #20]	; (800017c <enable_interrupt+0x2c>)
 8000168:	f997 3007 	ldrsb.w	r3, [r7, #7]
 800016c:	095b      	lsrs	r3, r3, #5
 800016e:	f842 1023 	str.w	r1, [r2, r3, lsl #2]
 8000172:	bf00      	nop
 8000174:	370c      	adds	r7, #12
 8000176:	46bd      	mov	sp, r7
 8000178:	bc80      	pop	{r7}
 800017a:	4770      	bx	lr
 800017c:	e000e100 	.word	0xe000e100

08000180 <disable_interrupt>:
 8000180:	b480      	push	{r7}
 8000182:	b083      	sub	sp, #12
 8000184:	af00      	add	r7, sp, #0
 8000186:	4603      	mov	r3, r0
 8000188:	71fb      	strb	r3, [r7, #7]
 800018a:	79fb      	ldrb	r3, [r7, #7]
 800018c:	f003 031f 	and.w	r3, r3, #31
 8000190:	2201      	movs	r2, #1
 8000192:	fa02 f103 	lsl.w	r1, r2, r3
 8000196:	4a06      	ldr	r2, [pc, #24]	; (80001b0 <disable_interrupt+0x30>)
 8000198:	f997 3007 	ldrsb.w	r3, [r7, #7]
 800019c:	095b      	lsrs	r3, r3, #5
 800019e:	3320      	adds	r3, #32
 80001a0:	f842 1023 	str.w	r1, [r2, r3, lsl #2]
 80001a4:	bf00      	nop
 80001a6:	370c      	adds	r7, #12
 80001a8:	46bd      	mov	sp, r7
 80001aa:	bc80      	pop	{r7}
 80001ac:	4770      	bx	lr
 80001ae:	bf00      	nop
 80001b0:	e000e100 	.word	0xe000e100

080001b4 <set_system_clock_to_25Mhz>:
 80001b4:	b480      	push	{r7}
 80001b6:	af00      	add	r7, sp, #0
 80001b8:	4b0b      	ldr	r3, [pc, #44]	; (80001e8 <set_system_clock_to_25Mhz+0x34>)
 80001ba:	681b      	ldr	r3, [r3, #0]
 80001bc:	4a0a      	ldr	r2, [pc, #40]	; (80001e8 <set_system_clock_to_25Mhz+0x34>)
 80001be:	f443 3380 	orr.w	r3, r3, #65536	; 0x10000
 80001c2:	6013      	str	r3, [r2, #0]
 80001c4:	bf00      	nop
 80001c6:	4b08      	ldr	r3, [pc, #32]	; (80001e8 <set_system_clock_to_25Mhz+0x34>)
 80001c8:	681b      	ldr	r3, [r3, #0]
 80001ca:	f403 3300 	and.w	r3, r3, #131072	; 0x20000
 80001ce:	2b00      	cmp	r3, #0
 80001d0:	d0f9      	beq.n	80001c6 <set_system_clock_to_25Mhz+0x12>
 80001d2:	4b05      	ldr	r3, [pc, #20]	; (80001e8 <set_system_clock_to_25Mhz+0x34>)
 80001d4:	685b      	ldr	r3, [r3, #4]
 80001d6:	4a04      	ldr	r2, [pc, #16]	; (80001e8 <set_system_clock_to_25Mhz+0x34>)
 80001d8:	f043 0301 	orr.w	r3, r3, #1
 80001dc:	6053      	str	r3, [r2, #4]
 80001de:	bf00      	nop
 80001e0:	46bd      	mov	sp, r7
 80001e2:	bc80      	pop	{r7}
 80001e4:	4770      	bx	lr
 80001e6:	bf00      	nop
 80001e8:	40021000 	.word	0x40021000

080001ec <set_system_clock_to_72Mhz>:
 80001ec:	b480      	push	{r7}
 80001ee:	af00      	add	r7, sp, #0
 80001f0:	4b2e      	ldr	r3, [pc, #184]	; (80002ac <set_system_clock_to_72Mhz+0xc0>)
 80001f2:	2212      	movs	r2, #18
 80001f4:	601a      	str	r2, [r3, #0]
 80001f6:	4b2e      	ldr	r3, [pc, #184]	; (80002b0 <set_system_clock_to_72Mhz+0xc4>)
 80001f8:	681b      	ldr	r3, [r3, #0]
 80001fa:	4a2d      	ldr	r2, [pc, #180]	; (80002b0 <set_system_clock_to_72Mhz+0xc4>)
 80001fc:	f443 3380 	orr.w	r3, r3, #65536	; 0x10000
 8000200:	6013      	str	r3, [r2, #0]
 8000202:	bf00      	nop
 8000204:	4b2a      	ldr	r3, [pc, #168]	; (80002b0 <set_system_clock_to_72Mhz+0xc4>)
 8000206:	681b      	ldr	r3, [r3, #0]
 8000208:	f403 3300 	and.w	r3, r3, #131072	; 0x20000
 800020c:	2b00      	cmp	r3, #0
 800020e:	d0f9      	beq.n	8000204 <set_system_clock_to_72Mhz+0x18>
 8000210:	4b27      	ldr	r3, [pc, #156]	; (80002b0 <set_system_clock_to_72Mhz+0xc4>)
 8000212:	6adb      	ldr	r3, [r3, #44]	; 0x2c
 8000214:	4a26      	ldr	r2, [pc, #152]	; (80002b0 <set_system_clock_to_72Mhz+0xc4>)
 8000216:	f043 0340 	orr.w	r3, r3, #64	; 0x40
 800021a:	62d3      	str	r3, [r2, #44]	; 0x2c
 800021c:	4b24      	ldr	r3, [pc, #144]	; (80002b0 <set_system_clock_to_72Mhz+0xc4>)
 800021e:	6adb      	ldr	r3, [r3, #44]	; 0x2c
 8000220:	4a23      	ldr	r2, [pc, #140]	; (80002b0 <set_system_clock_to_72Mhz+0xc4>)
 8000222:	f443 63c0 	orr.w	r3, r3, #1536	; 0x600
 8000226:	62d3      	str	r3, [r2, #44]	; 0x2c
 8000228:	4b21      	ldr	r3, [pc, #132]	; (80002b0 <set_system_clock_to_72Mhz+0xc4>)
 800022a:	681b      	ldr	r3, [r3, #0]
 800022c:	4a20      	ldr	r2, [pc, #128]	; (80002b0 <set_system_clock_to_72Mhz+0xc4>)
 800022e:	f043 6380 	orr.w	r3, r3, #67108864	; 0x4000000
 8000232:	6013      	str	r3, [r2, #0]
 8000234:	bf00      	nop
 8000236:	4b1e      	ldr	r3, [pc, #120]	; (80002b0 <set_system_clock_to_72Mhz+0xc4>)
 8000238:	681b      	ldr	r3, [r3, #0]
 800023a:	f003 6300 	and.w	r3, r3, #134217728	; 0x8000000
 800023e:	2b00      	cmp	r3, #0
 8000240:	d0f9      	beq.n	8000236 <set_system_clock_to_72Mhz+0x4a>
 8000242:	4b1b      	ldr	r3, [pc, #108]	; (80002b0 <set_system_clock_to_72Mhz+0xc4>)
 8000244:	6adb      	ldr	r3, [r3, #44]	; 0x2c
 8000246:	4a1a      	ldr	r2, [pc, #104]	; (80002b0 <set_system_clock_to_72Mhz+0xc4>)
 8000248:	f443 3380 	orr.w	r3, r3, #65536	; 0x10000
 800024c:	62d3      	str	r3, [r2, #44]	; 0x2c
 800024e:	4b18      	ldr	r3, [pc, #96]	; (80002b0 <set_system_clock_to_72Mhz+0xc4>)
 8000250:	6adb      	ldr	r3, [r3, #44]	; 0x2c
 8000252:	4a17      	ldr	r2, [pc, #92]	; (80002b0 <set_system_clock_to_72Mhz+0xc4>)
 8000254:	f043 0304 	orr.w	r3, r3, #4
 8000258:	62d3      	str	r3, [r2, #44]	; 0x2c
 800025a:	4b15      	ldr	r3, [pc, #84]	; (80002b0 <set_system_clock_to_72Mhz+0xc4>)
 800025c:	685b      	ldr	r3, [r3, #4]
 800025e:	4a14      	ldr	r2, [pc, #80]	; (80002b0 <set_system_clock_to_72Mhz+0xc4>)
 8000260:	f443 3380 	orr.w	r3, r3, #65536	; 0x10000
 8000264:	6053      	str	r3, [r2, #4]
 8000266:	4b12      	ldr	r3, [pc, #72]	; (80002b0 <set_system_clock_to_72Mhz+0xc4>)
 8000268:	685b      	ldr	r3, [r3, #4]
 800026a:	4a11      	ldr	r2, [pc, #68]	; (80002b0 <set_system_clock_to_72Mhz+0xc4>)
 800026c:	f443 13e0 	orr.w	r3, r3, #1835008	; 0x1c0000
 8000270:	6053      	str	r3, [r2, #4]
 8000272:	4b0f      	ldr	r3, [pc, #60]	; (80002b0 <set_system_clock_to_72Mhz+0xc4>)
 8000274:	685b      	ldr	r3, [r3, #4]
 8000276:	4a0e      	ldr	r2, [pc, #56]	; (80002b0 <set_system_clock_to_72Mhz+0xc4>)
 8000278:	f443 6380 	orr.w	r3, r3, #1024	; 0x400
 800027c:	6053      	str	r3, [r2, #4]
 800027e:	4b0c      	ldr	r3, [pc, #48]	; (80002b0 <set_system_clock_to_72Mhz+0xc4>)
 8000280:	681b      	ldr	r3, [r3, #0]
 8000282:	4a0b      	ldr	r2, [pc, #44]	; (80002b0 <set_system_clock_to_72Mhz+0xc4>)
 8000284:	f043 7380 	orr.w	r3, r3, #16777216	; 0x1000000
 8000288:	6013      	str	r3, [r2, #0]
 800028a:	bf00      	nop
 800028c:	4b08      	ldr	r3, [pc, #32]	; (80002b0 <set_system_clock_to_72Mhz+0xc4>)
 800028e:	681b      	ldr	r3, [r3, #0]
 8000290:	f003 7300 	and.w	r3, r3, #33554432	; 0x2000000
 8000294:	2b00      	cmp	r3, #0
 8000296:	d0f9      	beq.n	800028c <set_system_clock_to_72Mhz+0xa0>
 8000298:	4b05      	ldr	r3, [pc, #20]	; (80002b0 <set_system_clock_to_72Mhz+0xc4>)
 800029a:	685b      	ldr	r3, [r3, #4]
 800029c:	4a04      	ldr	r2, [pc, #16]	; (80002b0 <set_system_clock_to_72Mhz+0xc4>)
 800029e:	f043 0302 	orr.w	r3, r3, #2
 80002a2:	6053      	str	r3, [r2, #4]
 80002a4:	bf00      	nop
 80002a6:	46bd      	mov	sp, r7
 80002a8:	bc80      	pop	{r7}
 80002aa:	4770      	bx	lr
 80002ac:	40022000 	.word	0x40022000
 80002b0:	40021000 	.word	0x40021000

080002b4 <adc1_handler>:
 80002b4:	b480      	push	{r7}
 80002b6:	af00      	add	r7, sp, #0
 80002b8:	4b03      	ldr	r3, [pc, #12]	; (80002c8 <adc1_handler+0x14>)
 80002ba:	4a04      	ldr	r2, [pc, #16]	; (80002cc <adc1_handler+0x18>)
 80002bc:	6cdb      	ldr	r3, [r3, #76]	; 0x4c
 80002be:	60d3      	str	r3, [r2, #12]
 80002c0:	bf00      	nop
 80002c2:	46bd      	mov	sp, r7
 80002c4:	bc80      	pop	{r7}
 80002c6:	4770      	bx	lr
 80002c8:	40012400 	.word	0x40012400
 80002cc:	40011400 	.word	0x40011400

080002d0 <main>:
 80002d0:	b580      	push	{r7, lr}
 80002d2:	af00      	add	r7, sp, #0
 80002d4:	f7ff ff8a 	bl	80001ec <set_system_clock_to_72Mhz>
 80002d8:	4b40      	ldr	r3, [pc, #256]	; (80003dc <main+0x10c>)
 80002da:	685b      	ldr	r3, [r3, #4]
 80002dc:	4a3f      	ldr	r2, [pc, #252]	; (80003dc <main+0x10c>)
 80002de:	f423 4340 	bic.w	r3, r3, #49152	; 0xc000
 80002e2:	6053      	str	r3, [r2, #4]
 80002e4:	4b3d      	ldr	r3, [pc, #244]	; (80003dc <main+0x10c>)
 80002e6:	685b      	ldr	r3, [r3, #4]
 80002e8:	4a3c      	ldr	r2, [pc, #240]	; (80003dc <main+0x10c>)
 80002ea:	f443 4300 	orr.w	r3, r3, #32768	; 0x8000
 80002ee:	6053      	str	r3, [r2, #4]
 80002f0:	4b3a      	ldr	r3, [pc, #232]	; (80003dc <main+0x10c>)
 80002f2:	699b      	ldr	r3, [r3, #24]
 80002f4:	4a39      	ldr	r2, [pc, #228]	; (80003dc <main+0x10c>)
 80002f6:	f043 0301 	orr.w	r3, r3, #1
 80002fa:	6193      	str	r3, [r2, #24]
 80002fc:	4b37      	ldr	r3, [pc, #220]	; (80003dc <main+0x10c>)
 80002fe:	699b      	ldr	r3, [r3, #24]
 8000300:	4a36      	ldr	r2, [pc, #216]	; (80003dc <main+0x10c>)
 8000302:	f043 0320 	orr.w	r3, r3, #32
 8000306:	6193      	str	r3, [r2, #24]
 8000308:	4b34      	ldr	r3, [pc, #208]	; (80003dc <main+0x10c>)
 800030a:	699b      	ldr	r3, [r3, #24]
 800030c:	4a33      	ldr	r2, [pc, #204]	; (80003dc <main+0x10c>)
 800030e:	f043 0310 	orr.w	r3, r3, #16
 8000312:	6193      	str	r3, [r2, #24]
 8000314:	4b31      	ldr	r3, [pc, #196]	; (80003dc <main+0x10c>)
 8000316:	699b      	ldr	r3, [r3, #24]
 8000318:	4a30      	ldr	r2, [pc, #192]	; (80003dc <main+0x10c>)
 800031a:	f443 7300 	orr.w	r3, r3, #512	; 0x200
 800031e:	6193      	str	r3, [r2, #24]
 8000320:	4b2f      	ldr	r3, [pc, #188]	; (80003e0 <main+0x110>)
 8000322:	681b      	ldr	r3, [r3, #0]
 8000324:	4a2e      	ldr	r2, [pc, #184]	; (80003e0 <main+0x110>)
 8000326:	f023 030f 	bic.w	r3, r3, #15
 800032a:	6013      	str	r3, [r2, #0]
 800032c:	4b2c      	ldr	r3, [pc, #176]	; (80003e0 <main+0x110>)
 800032e:	4a2c      	ldr	r2, [pc, #176]	; (80003e0 <main+0x110>)
 8000330:	681b      	ldr	r3, [r3, #0]
 8000332:	6013      	str	r3, [r2, #0]
 8000334:	4b2b      	ldr	r3, [pc, #172]	; (80003e4 <main+0x114>)
 8000336:	f04f 3222 	mov.w	r2, #572662306	; 0x22222222
 800033a:	601a      	str	r2, [r3, #0]
 800033c:	4b29      	ldr	r3, [pc, #164]	; (80003e4 <main+0x114>)
 800033e:	f04f 3222 	mov.w	r2, #572662306	; 0x22222222
 8000342:	605a      	str	r2, [r3, #4]
 8000344:	4b27      	ldr	r3, [pc, #156]	; (80003e4 <main+0x114>)
 8000346:	2200      	movs	r2, #0
 8000348:	60da      	str	r2, [r3, #12]
 800034a:	4b27      	ldr	r3, [pc, #156]	; (80003e8 <main+0x118>)
 800034c:	685b      	ldr	r3, [r3, #4]
 800034e:	4a26      	ldr	r2, [pc, #152]	; (80003e8 <main+0x118>)
 8000350:	f043 0320 	orr.w	r3, r3, #32
 8000354:	6053      	str	r3, [r2, #4]
 8000356:	4b24      	ldr	r3, [pc, #144]	; (80003e8 <main+0x118>)
 8000358:	2200      	movs	r2, #0
 800035a:	62da      	str	r2, [r3, #44]	; 0x2c
 800035c:	4b22      	ldr	r3, [pc, #136]	; (80003e8 <main+0x118>)
 800035e:	220a      	movs	r2, #10
 8000360:	635a      	str	r2, [r3, #52]	; 0x34
 8000362:	4b21      	ldr	r3, [pc, #132]	; (80003e8 <main+0x118>)
 8000364:	689b      	ldr	r3, [r3, #8]
 8000366:	4a20      	ldr	r2, [pc, #128]	; (80003e8 <main+0x118>)
 8000368:	f443 2360 	orr.w	r3, r3, #917504	; 0xe0000
 800036c:	6093      	str	r3, [r2, #8]
 800036e:	4b1e      	ldr	r3, [pc, #120]	; (80003e8 <main+0x118>)
 8000370:	689b      	ldr	r3, [r3, #8]
 8000372:	4a1d      	ldr	r2, [pc, #116]	; (80003e8 <main+0x118>)
 8000374:	f443 1380 	orr.w	r3, r3, #1048576	; 0x100000
 8000378:	6093      	str	r3, [r2, #8]
 800037a:	4b1b      	ldr	r3, [pc, #108]	; (80003e8 <main+0x118>)
 800037c:	689b      	ldr	r3, [r3, #8]
 800037e:	4a1a      	ldr	r2, [pc, #104]	; (80003e8 <main+0x118>)
 8000380:	f043 0302 	orr.w	r3, r3, #2
 8000384:	6093      	str	r3, [r2, #8]
 8000386:	2012      	movs	r0, #18
 8000388:	f7ff fee2 	bl	8000150 <enable_interrupt>
 800038c:	4b16      	ldr	r3, [pc, #88]	; (80003e8 <main+0x118>)
 800038e:	689b      	ldr	r3, [r3, #8]
 8000390:	4a15      	ldr	r2, [pc, #84]	; (80003e8 <main+0x118>)
 8000392:	f043 0301 	orr.w	r3, r3, #1
 8000396:	6093      	str	r3, [r2, #8]
 8000398:	4b13      	ldr	r3, [pc, #76]	; (80003e8 <main+0x118>)
 800039a:	689b      	ldr	r3, [r3, #8]
 800039c:	4a12      	ldr	r2, [pc, #72]	; (80003e8 <main+0x118>)
 800039e:	f043 0308 	orr.w	r3, r3, #8
 80003a2:	6093      	str	r3, [r2, #8]
 80003a4:	bf00      	nop
 80003a6:	4b10      	ldr	r3, [pc, #64]	; (80003e8 <main+0x118>)
 80003a8:	689b      	ldr	r3, [r3, #8]
 80003aa:	f003 0308 	and.w	r3, r3, #8
 80003ae:	2b00      	cmp	r3, #0
 80003b0:	d1f9      	bne.n	80003a6 <main+0xd6>
 80003b2:	4b0d      	ldr	r3, [pc, #52]	; (80003e8 <main+0x118>)
 80003b4:	689b      	ldr	r3, [r3, #8]
 80003b6:	4a0c      	ldr	r2, [pc, #48]	; (80003e8 <main+0x118>)
 80003b8:	f043 0304 	orr.w	r3, r3, #4
 80003bc:	6093      	str	r3, [r2, #8]
 80003be:	bf00      	nop
 80003c0:	4b09      	ldr	r3, [pc, #36]	; (80003e8 <main+0x118>)
 80003c2:	689b      	ldr	r3, [r3, #8]
 80003c4:	f003 0304 	and.w	r3, r3, #4
 80003c8:	2b00      	cmp	r3, #0
 80003ca:	d1f9      	bne.n	80003c0 <main+0xf0>
 80003cc:	4b06      	ldr	r3, [pc, #24]	; (80003e8 <main+0x118>)
 80003ce:	689b      	ldr	r3, [r3, #8]
 80003d0:	4a05      	ldr	r2, [pc, #20]	; (80003e8 <main+0x118>)
 80003d2:	f443 0380 	orr.w	r3, r3, #4194304	; 0x400000
 80003d6:	6093      	str	r3, [r2, #8]
 80003d8:	bf00      	nop
 80003da:	e7fd      	b.n	80003d8 <main+0x108>
 80003dc:	40021000 	.word	0x40021000
 80003e0:	40011000 	.word	0x40011000
 80003e4:	40011400 	.word	0x40011400
 80003e8:	40012400 	.word	0x40012400
